<?xml version="1.0" encoding="UTF-8"?><testsuite name="nosetests" tests="312" errors="17" failures="0" skip="1"><testcase classname="ruruki.entities" name="Edge" time="0.000"></testcase><testcase classname="ruruki.entities" name="Entity" time="0.000"></testcase><testcase classname="ruruki.entities" name="Vertex" time="0.015"></testcase><testcase classname="ruruki.interfaces.IEntity" name="as_dict" time="0.000"></testcase><testcase classname="ruruki.parsers.tests.test_cypher_parser.TestCypherEval" name="test_case" time="0.047"></testcase><testcase classname="ruruki.parsers.tests.test_cypher_parser.TestCypherEval" name="test_expression10_and" time="0.016"></testcase><testcase classname="ruruki.parsers.tests.test_cypher_parser.TestCypherEval" name="test_expression11_xor" time="0.015"></testcase><testcase classname="ruruki.parsers.tests.test_cypher_parser.TestCypherEval" name="test_expression12_or" time="0.016"></testcase><testcase classname="ruruki.parsers.tests.test_cypher_parser.TestCypherEval" name="test_expression4" time="0.000"></testcase><testcase classname="ruruki.parsers.tests.test_cypher_parser.TestCypherEval" name="test_expression4_minus" time="0.016"></testcase><testcase classname="ruruki.parsers.tests.test_cypher_parser.TestCypherEval" name="test_expression5" time="0.000"></testcase><testcase classname="ruruki.parsers.tests.test_cypher_parser.TestCypherEval" name="test_expression6_a_times_b" time="0.000"></testcase><testcase classname="ruruki.parsers.tests.test_cypher_parser.TestCypherEval" name="test_expression6_div" time="0.015"></testcase><testcase classname="ruruki.parsers.tests.test_cypher_parser.TestCypherEval" name="test_expression6_mod" time="0.000"></testcase><testcase classname="ruruki.parsers.tests.test_cypher_parser.TestCypherEval" name="test_expression6_multi" time="0.000"></testcase><testcase classname="ruruki.parsers.tests.test_cypher_parser.TestCypherEval" name="test_expression7_add" time="0.016"></testcase><testcase classname="ruruki.parsers.tests.test_cypher_parser.TestCypherEval" name="test_expression7_minus" time="0.000"></testcase><testcase classname="ruruki.parsers.tests.test_cypher_parser.TestCypherEval" name="test_expression8_eq" time="0.015"></testcase><testcase classname="ruruki.parsers.tests.test_cypher_parser.TestCypherEval" name="test_expression8_gt" time="0.000"></testcase><testcase classname="ruruki.parsers.tests.test_cypher_parser.TestCypherEval" name="test_expression8_gte" time="0.016"></testcase><testcase classname="ruruki.parsers.tests.test_cypher_parser.TestCypherEval" name="test_expression8_lt" time="0.016"></testcase><testcase classname="ruruki.parsers.tests.test_cypher_parser.TestCypherEval" name="test_expression8_lte" time="0.015"></testcase><testcase classname="ruruki.parsers.tests.test_cypher_parser.TestCypherEval" name="test_expression8_neq" time="0.016"></testcase><testcase classname="ruruki.parsers.tests.test_cypher_parser.TestCypherEval" name="test_expression9" time="0.000"></testcase><testcase classname="ruruki.parsers.tests.test_cypher_parser.TestCypherEval" name="test_list" time="0.062"></testcase><testcase classname="ruruki.parsers.tests.test_cypher_parser.TestCypherEval" name="test_literal_false" time="0.000"></testcase><testcase classname="ruruki.parsers.tests.test_cypher_parser.TestCypherEval" name="test_literal_null" time="0.000"></testcase><testcase classname="ruruki.parsers.tests.test_cypher_parser.TestCypherEval" name="test_literal_number" time="0.016"></testcase><testcase classname="ruruki.parsers.tests.test_cypher_parser.TestCypherEval" name="test_literal_string" time="0.000"></testcase><testcase classname="ruruki.parsers.tests.test_cypher_parser.TestCypherEval" name="test_literal_true" time="0.000"></testcase><testcase classname="ruruki.parsers.tests.test_cypher_parser.TestCypherEval" name="test_simplest_query" time="0.016"></testcase><testcase classname="ruruki.parsers.tests.test_cypher_parser.TestCypherEval" name="test_variable" time="0.000"></testcase><testcase classname="ruruki.tests.test_database.TestGraph" name="test_add_edge" time="0.000"></testcase><testcase classname="ruruki.tests.test_database.TestGraph" name="test_add_edge_check_id_are_set" time="0.015"></testcase><testcase classname="ruruki.tests.test_database.TestGraph" name="test_add_vertex" time="0.000"></testcase><testcase classname="ruruki.tests.test_database.TestGraph" name="test_add_vertex_constraint" time="0.000"></testcase><testcase classname="ruruki.tests.test_database.TestGraph" name="test_add_vertex_set_id" time="0.000"></testcase><testcase classname="ruruki.tests.test_database.TestGraph" name="test_append_edge" time="0.016"></testcase><testcase classname="ruruki.tests.test_database.TestGraph" name="test_append_edge_bound_to_another_graph" time="0.000"></testcase><testcase classname="ruruki.tests.test_database.TestGraph" name="test_append_edge_that_already_belongs_to_the_graph" time="0.000"></testcase><testcase classname="ruruki.tests.test_database.TestGraph" name="test_append_edge_with_ident_set" time="0.000"></testcase><testcase classname="ruruki.tests.test_database.TestGraph" name="test_append_vertex" time="0.000"></testcase><testcase classname="ruruki.tests.test_database.TestGraph" name="test_append_vertex_bound_to_another_graph" time="0.016"></testcase><testcase classname="ruruki.tests.test_database.TestGraph" name="test_append_vertex_that_already_belongs_to_the_graph" time="0.000"></testcase><testcase classname="ruruki.tests.test_database.TestGraph" name="test_append_vertex_with_ident_set" time="0.000"></testcase><testcase classname="ruruki.tests.test_database.TestGraph" name="test_bind_to_graph" time="0.000"></testcase><testcase classname="ruruki.tests.test_database.TestGraph" name="test_bind_to_graph_unsupported_type" time="0.000"></testcase><testcase classname="ruruki.tests.test_database.TestGraph" name="test_contains_edge" time="0.015"></testcase><testcase classname="ruruki.tests.test_database.TestGraph" name="test_contains_edge_not_found" time="0.000"></testcase><testcase classname="ruruki.tests.test_database.TestGraph" name="test_contains_unsupported_types" time="0.000"></testcase><testcase classname="ruruki.tests.test_database.TestGraph" name="test_contains_vertex" time="0.000"></testcase><testcase classname="ruruki.tests.test_database.TestGraph" name="test_contains_vertex_not_found" time="0.000"></testcase><testcase classname="ruruki.tests.test_database.TestGraph" name="test_dump" time="0.016"></testcase><testcase classname="ruruki.tests.test_database.TestGraph" name="test_entity_set_property_constraint_violation" time="0.000"></testcase><testcase classname="ruruki.tests.test_database.TestGraph" name="test_get_edge" time="0.000"></testcase><testcase classname="ruruki.tests.test_database.TestGraph" name="test_get_edges" time="0.015"></testcase><testcase classname="ruruki.tests.test_database.TestGraph" name="test_get_edges_by_label" time="0.000"></testcase><testcase classname="ruruki.tests.test_database.TestGraph" name="test_get_edges_by_unknown_label" time="0.000"></testcase><testcase classname="ruruki.tests.test_database.TestGraph" name="test_get_edges_by_with_head" time="0.000"></testcase><testcase classname="ruruki.tests.test_database.TestGraph" name="test_get_edges_by_with_tail" time="0.000"></testcase><testcase classname="ruruki.tests.test_database.TestGraph" name="test_get_edges_property_that_contains" time="0.000"></testcase><testcase classname="ruruki.tests.test_database.TestGraph" name="test_get_edges_property_that_endswith" time="0.000"></testcase><testcase classname="ruruki.tests.test_database.TestGraph" name="test_get_edges_property_that_startswith" time="0.000"></testcase><testcase classname="ruruki.tests.test_database.TestGraph" name="test_get_edges_with_property" time="0.000"></testcase><testcase classname="ruruki.tests.test_database.TestGraph" name="test_get_vertex" time="0.016"></testcase><testcase classname="ruruki.tests.test_database.TestGraph" name="test_get_vertex_constraints" time="0.000"></testcase><testcase classname="ruruki.tests.test_database.TestGraph" name="test_get_verticies" time="0.000"></testcase><testcase classname="ruruki.tests.test_database.TestGraph" name="test_get_verticies_by_label" time="0.000"></testcase><testcase classname="ruruki.tests.test_database.TestGraph" name="test_get_verticies_by_unknown_label" time="0.000"></testcase><testcase classname="ruruki.tests.test_database.TestGraph" name="test_get_verticies_where_endswith" time="0.015"></testcase><testcase classname="ruruki.tests.test_database.TestGraph" name="test_get_verticies_where_startswith" time="0.000"></testcase><testcase classname="ruruki.tests.test_database.TestGraph" name="test_get_verticies_with_contains" time="0.000"></testcase><testcase classname="ruruki.tests.test_database.TestGraph" name="test_get_verticies_with_property" time="0.000"></testcase><testcase classname="ruruki.tests.test_database.TestGraph" name="test_load" time="0.016"></testcase><testcase classname="ruruki.tests.test_database.TestGraph" name="test_remove_edge" time="0.000"></testcase><testcase classname="ruruki.tests.test_database.TestGraph" name="test_remove_vertex" time="0.000"></testcase><testcase classname="ruruki.tests.test_database.TestGraph" name="test_remove_vertex_that_has_edges" time="0.000"></testcase><testcase classname="ruruki.tests.test_database.TestGraph" name="test_set_property" time="0.016"></testcase><testcase classname="ruruki.tests.test_database.TestGraph" name="test_set_property_indexed_entity_property" time="0.000"></testcase><testcase classname="ruruki.tests.test_database.TestGraph" name="test_set_property_on_an_unknown_entity" time="0.000"></testcase><testcase classname="ruruki.tests.test_database.TestGraph" name="test_set_property_on_edge" time="0.000"></testcase><testcase classname="ruruki.tests.test_database.TestGraph" name="test_set_property_unknown_type" time="0.000"></testcase><testcase classname="ruruki.tests.test_database.TestGraph" name="test_set_property_with_empty_prop_index" time="0.015"></testcase><testcase classname="ruruki.tests.test_database.TestGraphGetOrCreateEdges" name="test_add_edge_constraint_violation" time="0.000"></testcase><testcase classname="ruruki.tests.test_database.TestGraphGetOrCreateEdges" name="test_add_edge_with_head_tuple" time="0.000"></testcase><testcase classname="ruruki.tests.test_database.TestGraphGetOrCreateEdges" name="test_add_edge_with_tail_tuple" time="0.000"></testcase><testcase classname="ruruki.tests.test_database.TestGraphGetOrCreateEdges" name="test_edge_already_indexed" time="0.000"></testcase><testcase classname="ruruki.tests.test_database.TestGraphGetOrCreateVertices" name="test_add_new" time="0.016"></testcase><testcase classname="ruruki.tests.test_database.TestGraphGetOrCreateVertices" name="test_add_new_constraint_prop_key_in_kwargs" time="0.000"></testcase><testcase classname="ruruki.tests.test_database.TestGraphGetOrCreateVertices" name="test_add_new_constraint_prop_key_not_in_kwargs" time="0.000"></testcase><testcase classname="ruruki.tests.test_database.TestGraphGetOrCreateVertices" name="test_more_then_one_found_with_no_constraints" time="0.000"></testcase><testcase classname="ruruki.tests.test_database.TestGraphGetOrCreateVertices" name="test_multi_add_new_no_constraints" time="0.015"></testcase><testcase classname="ruruki.tests.test_database.TestGraphGetOrCreateVertices" name="test_multi_add_new_with_constraints" time="0.000"></testcase><testcase classname="ruruki.tests.test_database.TestGraphGetOrCreateVertices" name="test_multi_add_new_with_constraints_unique_vertices_by_name" time="0.000"></testcase><testcase classname="ruruki.tests.test_database.TestGraphGetOrCreateVertices" name="test_no_constraints_filter_found_one_vertex" time="0.000"></testcase><testcase classname="ruruki.tests.test_database.TestGraphGetOrCreateVertices" name="test_no_label_no_kwargs" time="0.000"></testcase><testcase classname="ruruki.tests.test_database.TestPersistentGraph" name="test_add_edge" time="0.000"><error type="exceptions.AttributeError" message="'module' object has no attribute 'symlink'&#10;-------------------- &gt;&gt; begin captured logging &lt;&lt; --------------------&#10;root: INFO: Loading graph data from 'c:\\users\\appveyor\\appdata\\local\\temp\\1\\tmpoodmkr'&#10;root: INFO: Loading vertices constraints 'c:\\users\\appveyor\\appdata\\local\\temp\\1\\tmpoodmkr\\vertices\\constraints.json'&#10;root: INFO: Loading vertices from 'c:\\users\\appveyor\\appdata\\local\\temp\\1\\tmpoodmkr\\vertices'&#10;root: INFO: Loading edges from 'c:\\users\\appveyor\\appdata\\local\\temp\\1\\tmpoodmkr\\edges'&#10;root: INFO: Completed 'c:\\users\\appveyor\\appdata\\local\\temp\\1\\tmpoodmkr' graph import&#10;--------------------- &gt;&gt; end captured logging &lt;&lt; ---------------------"><![CDATA[  File "c:\python27\Lib\unittest\case.py", line 329, in run
    testMethod()
  File "C:\projects\ruruki\ruruki\tests\test_database.py", line 1321, in test_add_edge
    edge = self.graph.add_edge(marko, "knows", josh, since="school")
  File "C:\projects\ruruki\ruruki\graphs.py", line 760, in add_edge
    os.symlink(head.path, os.path.join(head_path, str(head.ident)))
"'module' object has no attribute 'symlink'\n-------------------- >> begin captured logging << --------------------\nroot: INFO: Loading graph data from 'c:\\\\users\\\\appveyor\\\\appdata\\\\local\\\\temp\\\\1\\\\tmpoodmkr'\nroot: INFO: Loading vertices constraints 'c:\\\\users\\\\appveyor\\\\appdata\\\\local\\\\temp\\\\1\\\\tmpoodmkr\\\\vertices\\\\constraints.json'\nroot: INFO: Loading vertices from 'c:\\\\users\\\\appveyor\\\\appdata\\\\local\\\\temp\\\\1\\\\tmpoodmkr\\\\vertices'\nroot: INFO: Loading edges from 'c:\\\\users\\\\appveyor\\\\appdata\\\\local\\\\temp\\\\1\\\\tmpoodmkr\\\\edges'\nroot: INFO: Completed 'c:\\\\users\\\\appveyor\\\\appdata\\\\local\\\\temp\\\\1\\\\tmpoodmkr' graph import\n--------------------- >> end captured logging << ---------------------"]]></error></testcase><testcase classname="ruruki.tests.test_database.TestPersistentGraph" name="test_add_vertex" time="0.000"></testcase><testcase classname="ruruki.tests.test_database.TestPersistentGraph" name="test_add_vertex_constraints" time="0.000"></testcase><testcase classname="ruruki.tests.test_database.TestPersistentGraph" name="test_close" time="0.000"></testcase><testcase classname="ruruki.tests.test_database.TestPersistentGraph" name="test_create_persistent_graph_with_no_path" time="0.000"></testcase><testcase classname="ruruki.tests.test_database.TestPersistentGraph" name="test_import_from_empty_path_data_written_new_empty_path" time="0.016"><error type="exceptions.AttributeError" message="'module' object has no attribute 'symlink'&#10;-------------------- &gt;&gt; begin captured logging &lt;&lt; --------------------&#10;root: INFO: Loading graph data from 'c:\\users\\appveyor\\appdata\\local\\temp\\1\\tmpkb6g6k'&#10;root: INFO: Loading vertices constraints 'c:\\users\\appveyor\\appdata\\local\\temp\\1\\tmpkb6g6k\\vertices\\constraints.json'&#10;root: INFO: Loading vertices from 'c:\\users\\appveyor\\appdata\\local\\temp\\1\\tmpkb6g6k\\vertices'&#10;root: INFO: Loading edges from 'c:\\users\\appveyor\\appdata\\local\\temp\\1\\tmpkb6g6k\\edges'&#10;root: INFO: Completed 'c:\\users\\appveyor\\appdata\\local\\temp\\1\\tmpkb6g6k' graph import&#10;root: INFO: Loading graph data from 'c:\\users\\appveyor\\appdata\\local\\temp\\1\\tmpsunoun'&#10;root: INFO: Loading vertices constraints 'c:\\users\\appveyor\\appdata\\local\\temp\\1\\tmpsunoun\\vertices\\constraints.json'&#10;root: INFO: Loading vertices from 'c:\\users\\appveyor\\appdata\\local\\temp\\1\\tmpsunoun\\vertices'&#10;root: INFO: Loading edges from 'c:\\users\\appveyor\\appdata\\local\\temp\\1\\tmpsunoun\\edges'&#10;root: INFO: Completed 'c:\\users\\appveyor\\appdata\\local\\temp\\1\\tmpsunoun' graph import&#10;--------------------- &gt;&gt; end captured logging &lt;&lt; ---------------------"><![CDATA[  File "c:\python27\Lib\unittest\case.py", line 329, in run
    testMethod()
  File "C:\projects\ruruki\ruruki\tests\test_database.py", line 1012, in test_import_from_empty_path_data_written_new_empty_path
    graph.get_or_create_edge(marko, "owns", spot)
  File "C:\projects\ruruki\ruruki\graphs.py", line 300, in get_or_create_edge
    return self.add_edge(head, label, tail, **kwargs)
  File "C:\projects\ruruki\ruruki\graphs.py", line 760, in add_edge
    os.symlink(head.path, os.path.join(head_path, str(head.ident)))
"'module' object has no attribute 'symlink'\n-------------------- >> begin captured logging << --------------------\nroot: INFO: Loading graph data from 'c:\\\\users\\\\appveyor\\\\appdata\\\\local\\\\temp\\\\1\\\\tmpkb6g6k'\nroot: INFO: Loading vertices constraints 'c:\\\\users\\\\appveyor\\\\appdata\\\\local\\\\temp\\\\1\\\\tmpkb6g6k\\\\vertices\\\\constraints.json'\nroot: INFO: Loading vertices from 'c:\\\\users\\\\appveyor\\\\appdata\\\\local\\\\temp\\\\1\\\\tmpkb6g6k\\\\vertices'\nroot: INFO: Loading edges from 'c:\\\\users\\\\appveyor\\\\appdata\\\\local\\\\temp\\\\1\\\\tmpkb6g6k\\\\edges'\nroot: INFO: Completed 'c:\\\\users\\\\appveyor\\\\appdata\\\\local\\\\temp\\\\1\\\\tmpkb6g6k' graph import\nroot: INFO: Loading graph data from 'c:\\\\users\\\\appveyor\\\\appdata\\\\local\\\\temp\\\\1\\\\tmpsunoun'\nroot: INFO: Loading vertices constraints 'c:\\\\users\\\\appveyor\\\\appdata\\\\local\\\\temp\\\\1\\\\tmpsunoun\\\\vertices\\\\constraints.json'\nroot: INFO: Loading vertices from 'c:\\\\users\\\\appveyor\\\\appdata\\\\local\\\\temp\\\\1\\\\tmpsunoun\\\\vertices'\nroot: INFO: Loading edges from 'c:\\\\users\\\\appveyor\\\\appdata\\\\local\\\\temp\\\\1\\\\tmpsunoun\\\\edges'\nroot: INFO: Completed 'c:\\\\users\\\\appveyor\\\\appdata\\\\local\\\\temp\\\\1\\\\tmpsunoun' graph import\n--------------------- >> end captured logging << ---------------------"]]></error></testcase><testcase classname="ruruki.tests.test_database.TestPersistentGraph" name="test_import_from_empty_path_with_auto_create" time="0.000"></testcase><testcase classname="ruruki.tests.test_database.TestPersistentGraph" name="test_import_from_empty_path_without_auto_create" time="0.000"></testcase><testcase classname="ruruki.tests.test_database.TestPersistentGraph" name="test_import_from_path" time="0.000"><error type="exceptions.AttributeError" message="'module' object has no attribute 'symlink'&#10;-------------------- &gt;&gt; begin captured logging &lt;&lt; --------------------&#10;root: INFO: Loading graph data from 'c:\\users\\appveyor\\appdata\\local\\temp\\1\\tmp_tochq'&#10;root: INFO: Loading vertices constraints 'c:\\users\\appveyor\\appdata\\local\\temp\\1\\tmp_tochq\\vertices\\constraints.json'&#10;root: INFO: Loading vertices from 'c:\\users\\appveyor\\appdata\\local\\temp\\1\\tmp_tochq\\vertices'&#10;root: INFO: Loading edges from 'c:\\users\\appveyor\\appdata\\local\\temp\\1\\tmp_tochq\\edges'&#10;root: INFO: Completed 'c:\\users\\appveyor\\appdata\\local\\temp\\1\\tmp_tochq' graph import&#10;--------------------- &gt;&gt; end captured logging &lt;&lt; ---------------------"><![CDATA[  File "c:\python27\Lib\unittest\case.py", line 329, in run
    testMethod()
  File "C:\projects\ruruki\ruruki\tests\test_database.py", line 931, in test_import_from_path
    path = create_graph_mock_path()
  File "C:\projects\ruruki\ruruki\tests\test_database.py", line 919, in create_graph_mock_path
    os.symlink(marko_path, os.path.join(head_path, "0"))
"'module' object has no attribute 'symlink'\n-------------------- >> begin captured logging << --------------------\nroot: INFO: Loading graph data from 'c:\\\\users\\\\appveyor\\\\appdata\\\\local\\\\temp\\\\1\\\\tmp_tochq'\nroot: INFO: Loading vertices constraints 'c:\\\\users\\\\appveyor\\\\appdata\\\\local\\\\temp\\\\1\\\\tmp_tochq\\\\vertices\\\\constraints.json'\nroot: INFO: Loading vertices from 'c:\\\\users\\\\appveyor\\\\appdata\\\\local\\\\temp\\\\1\\\\tmp_tochq\\\\vertices'\nroot: INFO: Loading edges from 'c:\\\\users\\\\appveyor\\\\appdata\\\\local\\\\temp\\\\1\\\\tmp_tochq\\\\edges'\nroot: INFO: Completed 'c:\\\\users\\\\appveyor\\\\appdata\\\\local\\\\temp\\\\1\\\\tmp_tochq' graph import\n--------------------- >> end captured logging << ---------------------"]]></error></testcase><testcase classname="ruruki.tests.test_database.TestPersistentGraph" name="test_import_from_path_auto_create_has_edges_missing_vertices" time="0.015"><error type="exceptions.AttributeError" message="'module' object has no attribute 'symlink'&#10;-------------------- &gt;&gt; begin captured logging &lt;&lt; --------------------&#10;root: INFO: Loading graph data from 'c:\\users\\appveyor\\appdata\\local\\temp\\1\\tmpx0nh7r'&#10;root: INFO: Loading vertices constraints 'c:\\users\\appveyor\\appdata\\local\\temp\\1\\tmpx0nh7r\\vertices\\constraints.json'&#10;root: INFO: Loading vertices from 'c:\\users\\appveyor\\appdata\\local\\temp\\1\\tmpx0nh7r\\vertices'&#10;root: INFO: Loading edges from 'c:\\users\\appveyor\\appdata\\local\\temp\\1\\tmpx0nh7r\\edges'&#10;root: INFO: Completed 'c:\\users\\appveyor\\appdata\\local\\temp\\1\\tmpx0nh7r' graph import&#10;--------------------- &gt;&gt; end captured logging &lt;&lt; ---------------------"><![CDATA[  File "c:\python27\Lib\unittest\case.py", line 329, in run
    testMethod()
  File "C:\projects\ruruki\ruruki\tests\test_database.py", line 983, in test_import_from_path_auto_create_has_edges_missing_vertices
    path = create_graph_mock_path()
  File "C:\projects\ruruki\ruruki\tests\test_database.py", line 919, in create_graph_mock_path
    os.symlink(marko_path, os.path.join(head_path, "0"))
"'module' object has no attribute 'symlink'\n-------------------- >> begin captured logging << --------------------\nroot: INFO: Loading graph data from 'c:\\\\users\\\\appveyor\\\\appdata\\\\local\\\\temp\\\\1\\\\tmpx0nh7r'\nroot: INFO: Loading vertices constraints 'c:\\\\users\\\\appveyor\\\\appdata\\\\local\\\\temp\\\\1\\\\tmpx0nh7r\\\\vertices\\\\constraints.json'\nroot: INFO: Loading vertices from 'c:\\\\users\\\\appveyor\\\\appdata\\\\local\\\\temp\\\\1\\\\tmpx0nh7r\\\\vertices'\nroot: INFO: Loading edges from 'c:\\\\users\\\\appveyor\\\\appdata\\\\local\\\\temp\\\\1\\\\tmpx0nh7r\\\\edges'\nroot: INFO: Completed 'c:\\\\users\\\\appveyor\\\\appdata\\\\local\\\\temp\\\\1\\\\tmpx0nh7r' graph import\n--------------------- >> end captured logging << ---------------------"]]></error></testcase><testcase classname="ruruki.tests.test_database.TestPersistentGraph" name="test_import_from_path_auto_create_has_no_missing_dirs" time="0.000"><error type="exceptions.AttributeError" message="'module' object has no attribute 'symlink'&#10;-------------------- &gt;&gt; begin captured logging &lt;&lt; --------------------&#10;root: INFO: Loading graph data from 'c:\\users\\appveyor\\appdata\\local\\temp\\1\\tmpylpkxz'&#10;root: INFO: Loading vertices constraints 'c:\\users\\appveyor\\appdata\\local\\temp\\1\\tmpylpkxz\\vertices\\constraints.json'&#10;root: INFO: Loading vertices from 'c:\\users\\appveyor\\appdata\\local\\temp\\1\\tmpylpkxz\\vertices'&#10;root: INFO: Loading edges from 'c:\\users\\appveyor\\appdata\\local\\temp\\1\\tmpylpkxz\\edges'&#10;root: INFO: Completed 'c:\\users\\appveyor\\appdata\\local\\temp\\1\\tmpylpkxz' graph import&#10;--------------------- &gt;&gt; end captured logging &lt;&lt; ---------------------"><![CDATA[  File "c:\python27\Lib\unittest\case.py", line 329, in run
    testMethod()
  File "C:\projects\ruruki\ruruki\tests\test_database.py", line 999, in test_import_from_path_auto_create_has_no_missing_dirs
    path = create_graph_mock_path()
  File "C:\projects\ruruki\ruruki\tests\test_database.py", line 919, in create_graph_mock_path
    os.symlink(marko_path, os.path.join(head_path, "0"))
"'module' object has no attribute 'symlink'\n-------------------- >> begin captured logging << --------------------\nroot: INFO: Loading graph data from 'c:\\\\users\\\\appveyor\\\\appdata\\\\local\\\\temp\\\\1\\\\tmpylpkxz'\nroot: INFO: Loading vertices constraints 'c:\\\\users\\\\appveyor\\\\appdata\\\\local\\\\temp\\\\1\\\\tmpylpkxz\\\\vertices\\\\constraints.json'\nroot: INFO: Loading vertices from 'c:\\\\users\\\\appveyor\\\\appdata\\\\local\\\\temp\\\\1\\\\tmpylpkxz\\\\vertices'\nroot: INFO: Loading edges from 'c:\\\\users\\\\appveyor\\\\appdata\\\\local\\\\temp\\\\1\\\\tmpylpkxz\\\\edges'\nroot: INFO: Completed 'c:\\\\users\\\\appveyor\\\\appdata\\\\local\\\\temp\\\\1\\\\tmpylpkxz' graph import\n--------------------- >> end captured logging << ---------------------"]]></error></testcase><testcase classname="ruruki.tests.test_database.TestPersistentGraph" name="test_import_from_path_edges_with_bogus_extra_dir" time="0.000"><error type="exceptions.AttributeError" message="'module' object has no attribute 'symlink'&#10;-------------------- &gt;&gt; begin captured logging &lt;&lt; --------------------&#10;root: INFO: Loading graph data from 'c:\\users\\appveyor\\appdata\\local\\temp\\1\\tmpp39w3g'&#10;root: INFO: Loading vertices constraints 'c:\\users\\appveyor\\appdata\\local\\temp\\1\\tmpp39w3g\\vertices\\constraints.json'&#10;root: INFO: Loading vertices from 'c:\\users\\appveyor\\appdata\\local\\temp\\1\\tmpp39w3g\\vertices'&#10;root: INFO: Loading edges from 'c:\\users\\appveyor\\appdata\\local\\temp\\1\\tmpp39w3g\\edges'&#10;root: INFO: Completed 'c:\\users\\appveyor\\appdata\\local\\temp\\1\\tmpp39w3g' graph import&#10;--------------------- &gt;&gt; end captured logging &lt;&lt; ---------------------"><![CDATA[  File "c:\python27\Lib\unittest\case.py", line 329, in run
    testMethod()
  File "C:\projects\ruruki\ruruki\tests\test_database.py", line 1110, in test_import_from_path_edges_with_bogus_extra_dir
    path = create_graph_mock_path()
  File "C:\projects\ruruki\ruruki\tests\test_database.py", line 919, in create_graph_mock_path
    os.symlink(marko_path, os.path.join(head_path, "0"))
"'module' object has no attribute 'symlink'\n-------------------- >> begin captured logging << --------------------\nroot: INFO: Loading graph data from 'c:\\\\users\\\\appveyor\\\\appdata\\\\local\\\\temp\\\\1\\\\tmpp39w3g'\nroot: INFO: Loading vertices constraints 'c:\\\\users\\\\appveyor\\\\appdata\\\\local\\\\temp\\\\1\\\\tmpp39w3g\\\\vertices\\\\constraints.json'\nroot: INFO: Loading vertices from 'c:\\\\users\\\\appveyor\\\\appdata\\\\local\\\\temp\\\\1\\\\tmpp39w3g\\\\vertices'\nroot: INFO: Loading edges from 'c:\\\\users\\\\appveyor\\\\appdata\\\\local\\\\temp\\\\1\\\\tmpp39w3g\\\\edges'\nroot: INFO: Completed 'c:\\\\users\\\\appveyor\\\\appdata\\\\local\\\\temp\\\\1\\\\tmpp39w3g' graph import\n--------------------- >> end captured logging << ---------------------"]]></error></testcase><testcase classname="ruruki.tests.test_database.TestPersistentGraph" name="test_import_from_path_loaded_edges" time="0.000"><error type="exceptions.AttributeError" message="'module' object has no attribute 'symlink'&#10;-------------------- &gt;&gt; begin captured logging &lt;&lt; --------------------&#10;root: INFO: Loading graph data from 'c:\\users\\appveyor\\appdata\\local\\temp\\1\\tmpybkaan'&#10;root: INFO: Loading vertices constraints 'c:\\users\\appveyor\\appdata\\local\\temp\\1\\tmpybkaan\\vertices\\constraints.json'&#10;root: INFO: Loading vertices from 'c:\\users\\appveyor\\appdata\\local\\temp\\1\\tmpybkaan\\vertices'&#10;root: INFO: Loading edges from 'c:\\users\\appveyor\\appdata\\local\\temp\\1\\tmpybkaan\\edges'&#10;root: INFO: Completed 'c:\\users\\appveyor\\appdata\\local\\temp\\1\\tmpybkaan' graph import&#10;--------------------- &gt;&gt; end captured logging &lt;&lt; ---------------------"><![CDATA[  File "c:\python27\Lib\unittest\case.py", line 329, in run
    testMethod()
  File "C:\projects\ruruki\ruruki\tests\test_database.py", line 1082, in test_import_from_path_loaded_edges
    path = create_graph_mock_path()
  File "C:\projects\ruruki\ruruki\tests\test_database.py", line 919, in create_graph_mock_path
    os.symlink(marko_path, os.path.join(head_path, "0"))
"'module' object has no attribute 'symlink'\n-------------------- >> begin captured logging << --------------------\nroot: INFO: Loading graph data from 'c:\\\\users\\\\appveyor\\\\appdata\\\\local\\\\temp\\\\1\\\\tmpybkaan'\nroot: INFO: Loading vertices constraints 'c:\\\\users\\\\appveyor\\\\appdata\\\\local\\\\temp\\\\1\\\\tmpybkaan\\\\vertices\\\\constraints.json'\nroot: INFO: Loading vertices from 'c:\\\\users\\\\appveyor\\\\appdata\\\\local\\\\temp\\\\1\\\\tmpybkaan\\\\vertices'\nroot: INFO: Loading edges from 'c:\\\\users\\\\appveyor\\\\appdata\\\\local\\\\temp\\\\1\\\\tmpybkaan\\\\edges'\nroot: INFO: Completed 'c:\\\\users\\\\appveyor\\\\appdata\\\\local\\\\temp\\\\1\\\\tmpybkaan' graph import\n--------------------- >> end captured logging << ---------------------"]]></error></testcase><testcase classname="ruruki.tests.test_database.TestPersistentGraph" name="test_import_from_path_loaded_edges_head_vertex_not_a_int" time="0.016"><error type="exceptions.AttributeError" message="'module' object has no attribute 'symlink'&#10;-------------------- &gt;&gt; begin captured logging &lt;&lt; --------------------&#10;root: INFO: Loading graph data from 'c:\\users\\appveyor\\appdata\\local\\temp\\1\\tmpsn2o11'&#10;root: INFO: Loading vertices constraints 'c:\\users\\appveyor\\appdata\\local\\temp\\1\\tmpsn2o11\\vertices\\constraints.json'&#10;root: INFO: Loading vertices from 'c:\\users\\appveyor\\appdata\\local\\temp\\1\\tmpsn2o11\\vertices'&#10;root: INFO: Loading edges from 'c:\\users\\appveyor\\appdata\\local\\temp\\1\\tmpsn2o11\\edges'&#10;root: INFO: Completed 'c:\\users\\appveyor\\appdata\\local\\temp\\1\\tmpsn2o11' graph import&#10;--------------------- &gt;&gt; end captured logging &lt;&lt; ---------------------"><![CDATA[  File "c:\python27\Lib\unittest\case.py", line 329, in run
    testMethod()
  File "C:\projects\ruruki\ruruki\tests\test_database.py", line 1180, in test_import_from_path_loaded_edges_head_vertex_not_a_int
    path = create_graph_mock_path()
  File "C:\projects\ruruki\ruruki\tests\test_database.py", line 919, in create_graph_mock_path
    os.symlink(marko_path, os.path.join(head_path, "0"))
"'module' object has no attribute 'symlink'\n-------------------- >> begin captured logging << --------------------\nroot: INFO: Loading graph data from 'c:\\\\users\\\\appveyor\\\\appdata\\\\local\\\\temp\\\\1\\\\tmpsn2o11'\nroot: INFO: Loading vertices constraints 'c:\\\\users\\\\appveyor\\\\appdata\\\\local\\\\temp\\\\1\\\\tmpsn2o11\\\\vertices\\\\constraints.json'\nroot: INFO: Loading vertices from 'c:\\\\users\\\\appveyor\\\\appdata\\\\local\\\\temp\\\\1\\\\tmpsn2o11\\\\vertices'\nroot: INFO: Loading edges from 'c:\\\\users\\\\appveyor\\\\appdata\\\\local\\\\temp\\\\1\\\\tmpsn2o11\\\\edges'\nroot: INFO: Completed 'c:\\\\users\\\\appveyor\\\\appdata\\\\local\\\\temp\\\\1\\\\tmpsn2o11' graph import\n--------------------- >> end captured logging << ---------------------"]]></error></testcase><testcase classname="ruruki.tests.test_database.TestPersistentGraph" name="test_import_from_path_loaded_edges_missing_properties_file" time="0.000"><error type="exceptions.AttributeError" message="'module' object has no attribute 'symlink'&#10;-------------------- &gt;&gt; begin captured logging &lt;&lt; --------------------&#10;root: INFO: Loading graph data from 'c:\\users\\appveyor\\appdata\\local\\temp\\1\\tmpka3nwc'&#10;root: INFO: Loading vertices constraints 'c:\\users\\appveyor\\appdata\\local\\temp\\1\\tmpka3nwc\\vertices\\constraints.json'&#10;root: INFO: Loading vertices from 'c:\\users\\appveyor\\appdata\\local\\temp\\1\\tmpka3nwc\\vertices'&#10;root: INFO: Loading edges from 'c:\\users\\appveyor\\appdata\\local\\temp\\1\\tmpka3nwc\\edges'&#10;root: INFO: Completed 'c:\\users\\appveyor\\appdata\\local\\temp\\1\\tmpka3nwc' graph import&#10;--------------------- &gt;&gt; end captured logging &lt;&lt; ---------------------"><![CDATA[  File "c:\python27\Lib\unittest\case.py", line 329, in run
    testMethod()
  File "C:\projects\ruruki\ruruki\tests\test_database.py", line 1124, in test_import_from_path_loaded_edges_missing_properties_file
    path = create_graph_mock_path()
  File "C:\projects\ruruki\ruruki\tests\test_database.py", line 919, in create_graph_mock_path
    os.symlink(marko_path, os.path.join(head_path, "0"))
"'module' object has no attribute 'symlink'\n-------------------- >> begin captured logging << --------------------\nroot: INFO: Loading graph data from 'c:\\\\users\\\\appveyor\\\\appdata\\\\local\\\\temp\\\\1\\\\tmpka3nwc'\nroot: INFO: Loading vertices constraints 'c:\\\\users\\\\appveyor\\\\appdata\\\\local\\\\temp\\\\1\\\\tmpka3nwc\\\\vertices\\\\constraints.json'\nroot: INFO: Loading vertices from 'c:\\\\users\\\\appveyor\\\\appdata\\\\local\\\\temp\\\\1\\\\tmpka3nwc\\\\vertices'\nroot: INFO: Loading edges from 'c:\\\\users\\\\appveyor\\\\appdata\\\\local\\\\temp\\\\1\\\\tmpka3nwc\\\\edges'\nroot: INFO: Completed 'c:\\\\users\\\\appveyor\\\\appdata\\\\local\\\\temp\\\\1\\\\tmpka3nwc' graph import\n--------------------- >> end captured logging << ---------------------"]]></error></testcase><testcase classname="ruruki.tests.test_database.TestPersistentGraph" name="test_import_from_path_loaded_edges_tail_vertex_not_a_int" time="0.000"><error type="exceptions.AttributeError" message="'module' object has no attribute 'symlink'&#10;-------------------- &gt;&gt; begin captured logging &lt;&lt; --------------------&#10;root: INFO: Loading graph data from 'c:\\users\\appveyor\\appdata\\local\\temp\\1\\tmp8mjc7v'&#10;root: INFO: Loading vertices constraints 'c:\\users\\appveyor\\appdata\\local\\temp\\1\\tmp8mjc7v\\vertices\\constraints.json'&#10;root: INFO: Loading vertices from 'c:\\users\\appveyor\\appdata\\local\\temp\\1\\tmp8mjc7v\\vertices'&#10;root: INFO: Loading edges from 'c:\\users\\appveyor\\appdata\\local\\temp\\1\\tmp8mjc7v\\edges'&#10;root: INFO: Completed 'c:\\users\\appveyor\\appdata\\local\\temp\\1\\tmp8mjc7v' graph import&#10;--------------------- &gt;&gt; end captured logging &lt;&lt; ---------------------"><![CDATA[  File "c:\python27\Lib\unittest\case.py", line 329, in run
    testMethod()
  File "C:\projects\ruruki\ruruki\tests\test_database.py", line 1203, in test_import_from_path_loaded_edges_tail_vertex_not_a_int
    path = create_graph_mock_path()
  File "C:\projects\ruruki\ruruki\tests\test_database.py", line 919, in create_graph_mock_path
    os.symlink(marko_path, os.path.join(head_path, "0"))
"'module' object has no attribute 'symlink'\n-------------------- >> begin captured logging << --------------------\nroot: INFO: Loading graph data from 'c:\\\\users\\\\appveyor\\\\appdata\\\\local\\\\temp\\\\1\\\\tmp8mjc7v'\nroot: INFO: Loading vertices constraints 'c:\\\\users\\\\appveyor\\\\appdata\\\\local\\\\temp\\\\1\\\\tmp8mjc7v\\\\vertices\\\\constraints.json'\nroot: INFO: Loading vertices from 'c:\\\\users\\\\appveyor\\\\appdata\\\\local\\\\temp\\\\1\\\\tmp8mjc7v\\\\vertices'\nroot: INFO: Loading edges from 'c:\\\\users\\\\appveyor\\\\appdata\\\\local\\\\temp\\\\1\\\\tmp8mjc7v\\\\edges'\nroot: INFO: Completed 'c:\\\\users\\\\appveyor\\\\appdata\\\\local\\\\temp\\\\1\\\\tmp8mjc7v' graph import\n--------------------- >> end captured logging << ---------------------"]]></error></testcase><testcase classname="ruruki.tests.test_database.TestPersistentGraph" name="test_import_from_path_loaded_edges_unknown_vertex" time="0.000"><error type="exceptions.AttributeError" message="'module' object has no attribute 'symlink'&#10;-------------------- &gt;&gt; begin captured logging &lt;&lt; --------------------&#10;root: INFO: Loading graph data from 'c:\\users\\appveyor\\appdata\\local\\temp\\1\\tmprzvawm'&#10;root: INFO: Loading vertices constraints 'c:\\users\\appveyor\\appdata\\local\\temp\\1\\tmprzvawm\\vertices\\constraints.json'&#10;root: INFO: Loading vertices from 'c:\\users\\appveyor\\appdata\\local\\temp\\1\\tmprzvawm\\vertices'&#10;root: INFO: Loading edges from 'c:\\users\\appveyor\\appdata\\local\\temp\\1\\tmprzvawm\\edges'&#10;root: INFO: Completed 'c:\\users\\appveyor\\appdata\\local\\temp\\1\\tmprzvawm' graph import&#10;--------------------- &gt;&gt; end captured logging &lt;&lt; ---------------------"><![CDATA[  File "c:\python27\Lib\unittest\case.py", line 329, in run
    testMethod()
  File "C:\projects\ruruki\ruruki\tests\test_database.py", line 1154, in test_import_from_path_loaded_edges_unknown_vertex
    path = create_graph_mock_path()
  File "C:\projects\ruruki\ruruki\tests\test_database.py", line 919, in create_graph_mock_path
    os.symlink(marko_path, os.path.join(head_path, "0"))
"'module' object has no attribute 'symlink'\n-------------------- >> begin captured logging << --------------------\nroot: INFO: Loading graph data from 'c:\\\\users\\\\appveyor\\\\appdata\\\\local\\\\temp\\\\1\\\\tmprzvawm'\nroot: INFO: Loading vertices constraints 'c:\\\\users\\\\appveyor\\\\appdata\\\\local\\\\temp\\\\1\\\\tmprzvawm\\\\vertices\\\\constraints.json'\nroot: INFO: Loading vertices from 'c:\\\\users\\\\appveyor\\\\appdata\\\\local\\\\temp\\\\1\\\\tmprzvawm\\\\vertices'\nroot: INFO: Loading edges from 'c:\\\\users\\\\appveyor\\\\appdata\\\\local\\\\temp\\\\1\\\\tmprzvawm\\\\edges'\nroot: INFO: Completed 'c:\\\\users\\\\appveyor\\\\appdata\\\\local\\\\temp\\\\1\\\\tmprzvawm' graph import\n--------------------- >> end captured logging << ---------------------"]]></error></testcase><testcase classname="ruruki.tests.test_database.TestPersistentGraph" name="test_import_from_path_loaded_vertices" time="0.016"><error type="exceptions.AttributeError" message="'module' object has no attribute 'symlink'&#10;-------------------- &gt;&gt; begin captured logging &lt;&lt; --------------------&#10;root: INFO: Loading graph data from 'c:\\users\\appveyor\\appdata\\local\\temp\\1\\tmpn7ny1h'&#10;root: INFO: Loading vertices constraints 'c:\\users\\appveyor\\appdata\\local\\temp\\1\\tmpn7ny1h\\vertices\\constraints.json'&#10;root: INFO: Loading vertices from 'c:\\users\\appveyor\\appdata\\local\\temp\\1\\tmpn7ny1h\\vertices'&#10;root: INFO: Loading edges from 'c:\\users\\appveyor\\appdata\\local\\temp\\1\\tmpn7ny1h\\edges'&#10;root: INFO: Completed 'c:\\users\\appveyor\\appdata\\local\\temp\\1\\tmpn7ny1h' graph import&#10;--------------------- &gt;&gt; end captured logging &lt;&lt; ---------------------"><![CDATA[  File "c:\python27\Lib\unittest\case.py", line 329, in run
    testMethod()
  File "C:\projects\ruruki\ruruki\tests\test_database.py", line 1226, in test_import_from_path_loaded_vertices
    path = create_graph_mock_path()
  File "C:\projects\ruruki\ruruki\tests\test_database.py", line 919, in create_graph_mock_path
    os.symlink(marko_path, os.path.join(head_path, "0"))
"'module' object has no attribute 'symlink'\n-------------------- >> begin captured logging << --------------------\nroot: INFO: Loading graph data from 'c:\\\\users\\\\appveyor\\\\appdata\\\\local\\\\temp\\\\1\\\\tmpn7ny1h'\nroot: INFO: Loading vertices constraints 'c:\\\\users\\\\appveyor\\\\appdata\\\\local\\\\temp\\\\1\\\\tmpn7ny1h\\\\vertices\\\\constraints.json'\nroot: INFO: Loading vertices from 'c:\\\\users\\\\appveyor\\\\appdata\\\\local\\\\temp\\\\1\\\\tmpn7ny1h\\\\vertices'\nroot: INFO: Loading edges from 'c:\\\\users\\\\appveyor\\\\appdata\\\\local\\\\temp\\\\1\\\\tmpn7ny1h\\\\edges'\nroot: INFO: Completed 'c:\\\\users\\\\appveyor\\\\appdata\\\\local\\\\temp\\\\1\\\\tmpn7ny1h' graph import\n--------------------- >> end captured logging << ---------------------"]]></error></testcase><testcase classname="ruruki.tests.test_database.TestPersistentGraph" name="test_import_from_path_missing_edges_directory" time="0.000"></testcase><testcase classname="ruruki.tests.test_database.TestPersistentGraph" name="test_import_from_path_missing_vertices_constraints" time="0.000"></testcase><testcase classname="ruruki.tests.test_database.TestPersistentGraph" name="test_import_from_path_missing_vertices_directory" time="0.000"></testcase><testcase classname="ruruki.tests.test_database.TestPersistentGraph" name="test_import_from_path_vertices_with_bogus_extra_dir" time="0.000"><error type="exceptions.AttributeError" message="'module' object has no attribute 'symlink'&#10;-------------------- &gt;&gt; begin captured logging &lt;&lt; --------------------&#10;root: INFO: Loading graph data from 'c:\\users\\appveyor\\appdata\\local\\temp\\1\\tmpz1wrbk'&#10;root: INFO: Loading vertices constraints 'c:\\users\\appveyor\\appdata\\local\\temp\\1\\tmpz1wrbk\\vertices\\constraints.json'&#10;root: INFO: Loading vertices from 'c:\\users\\appveyor\\appdata\\local\\temp\\1\\tmpz1wrbk\\vertices'&#10;root: INFO: Loading edges from 'c:\\users\\appveyor\\appdata\\local\\temp\\1\\tmpz1wrbk\\edges'&#10;root: INFO: Completed 'c:\\users\\appveyor\\appdata\\local\\temp\\1\\tmpz1wrbk' graph import&#10;--------------------- &gt;&gt; end captured logging &lt;&lt; ---------------------"><![CDATA[  File "c:\python27\Lib\unittest\case.py", line 329, in run
    testMethod()
  File "C:\projects\ruruki\ruruki\tests\test_database.py", line 1117, in test_import_from_path_vertices_with_bogus_extra_dir
    path = create_graph_mock_path()
  File "C:\projects\ruruki\ruruki\tests\test_database.py", line 919, in create_graph_mock_path
    os.symlink(marko_path, os.path.join(head_path, "0"))
"'module' object has no attribute 'symlink'\n-------------------- >> begin captured logging << --------------------\nroot: INFO: Loading graph data from 'c:\\\\users\\\\appveyor\\\\appdata\\\\local\\\\temp\\\\1\\\\tmpz1wrbk'\nroot: INFO: Loading vertices constraints 'c:\\\\users\\\\appveyor\\\\appdata\\\\local\\\\temp\\\\1\\\\tmpz1wrbk\\\\vertices\\\\constraints.json'\nroot: INFO: Loading vertices from 'c:\\\\users\\\\appveyor\\\\appdata\\\\local\\\\temp\\\\1\\\\tmpz1wrbk\\\\vertices'\nroot: INFO: Loading edges from 'c:\\\\users\\\\appveyor\\\\appdata\\\\local\\\\temp\\\\1\\\\tmpz1wrbk\\\\edges'\nroot: INFO: Completed 'c:\\\\users\\\\appveyor\\\\appdata\\\\local\\\\temp\\\\1\\\\tmpz1wrbk' graph import\n--------------------- >> end captured logging << ---------------------"]]></error></testcase><testcase classname="ruruki.tests.test_database.TestPersistentGraph" name="test_import_with_vertices_missing_properties_file" time="0.015"><error type="exceptions.AttributeError" message="'module' object has no attribute 'symlink'&#10;-------------------- &gt;&gt; begin captured logging &lt;&lt; --------------------&#10;root: INFO: Loading graph data from 'c:\\users\\appveyor\\appdata\\local\\temp\\1\\tmpbm8iag'&#10;root: INFO: Loading vertices constraints 'c:\\users\\appveyor\\appdata\\local\\temp\\1\\tmpbm8iag\\vertices\\constraints.json'&#10;root: INFO: Loading vertices from 'c:\\users\\appveyor\\appdata\\local\\temp\\1\\tmpbm8iag\\vertices'&#10;root: INFO: Loading edges from 'c:\\users\\appveyor\\appdata\\local\\temp\\1\\tmpbm8iag\\edges'&#10;root: INFO: Completed 'c:\\users\\appveyor\\appdata\\local\\temp\\1\\tmpbm8iag' graph import&#10;--------------------- &gt;&gt; end captured logging &lt;&lt; ---------------------"><![CDATA[  File "c:\python27\Lib\unittest\case.py", line 329, in run
    testMethod()
  File "C:\projects\ruruki\ruruki\tests\test_database.py", line 1035, in test_import_with_vertices_missing_properties_file
    path = create_graph_mock_path()
  File "C:\projects\ruruki\ruruki\tests\test_database.py", line 919, in create_graph_mock_path
    os.symlink(marko_path, os.path.join(head_path, "0"))
"'module' object has no attribute 'symlink'\n-------------------- >> begin captured logging << --------------------\nroot: INFO: Loading graph data from 'c:\\\\users\\\\appveyor\\\\appdata\\\\local\\\\temp\\\\1\\\\tmpbm8iag'\nroot: INFO: Loading vertices constraints 'c:\\\\users\\\\appveyor\\\\appdata\\\\local\\\\temp\\\\1\\\\tmpbm8iag\\\\vertices\\\\constraints.json'\nroot: INFO: Loading vertices from 'c:\\\\users\\\\appveyor\\\\appdata\\\\local\\\\temp\\\\1\\\\tmpbm8iag\\\\vertices'\nroot: INFO: Loading edges from 'c:\\\\users\\\\appveyor\\\\appdata\\\\local\\\\temp\\\\1\\\\tmpbm8iag\\\\edges'\nroot: INFO: Completed 'c:\\\\users\\\\appveyor\\\\appdata\\\\local\\\\temp\\\\1\\\\tmpbm8iag' graph import\n--------------------- >> end captured logging << ---------------------"]]></error></testcase><testcase classname="ruruki.tests.test_database.TestPersistentGraph" name="test_path_already_locked" time="0.000"></testcase><testcase classname="ruruki.tests.test_database.TestPersistentGraph" name="test_remove_edge" time="0.000"><error type="exceptions.AttributeError" message="'module' object has no attribute 'symlink'&#10;-------------------- &gt;&gt; begin captured logging &lt;&lt; --------------------&#10;root: INFO: Loading graph data from 'c:\\users\\appveyor\\appdata\\local\\temp\\1\\tmpcl6bss'&#10;root: INFO: Loading vertices constraints 'c:\\users\\appveyor\\appdata\\local\\temp\\1\\tmpcl6bss\\vertices\\constraints.json'&#10;root: INFO: Loading vertices from 'c:\\users\\appveyor\\appdata\\local\\temp\\1\\tmpcl6bss\\vertices'&#10;root: INFO: Loading edges from 'c:\\users\\appveyor\\appdata\\local\\temp\\1\\tmpcl6bss\\edges'&#10;root: INFO: Completed 'c:\\users\\appveyor\\appdata\\local\\temp\\1\\tmpcl6bss' graph import&#10;--------------------- &gt;&gt; end captured logging &lt;&lt; ---------------------"><![CDATA[  File "c:\python27\Lib\unittest\case.py", line 329, in run
    testMethod()
  File "C:\projects\ruruki\ruruki\tests\test_database.py", line 1457, in test_remove_edge
    edge = self.graph.add_edge(marko, "knows", josh)
  File "C:\projects\ruruki\ruruki\graphs.py", line 760, in add_edge
    os.symlink(head.path, os.path.join(head_path, str(head.ident)))
"'module' object has no attribute 'symlink'\n-------------------- >> begin captured logging << --------------------\nroot: INFO: Loading graph data from 'c:\\\\users\\\\appveyor\\\\appdata\\\\local\\\\temp\\\\1\\\\tmpcl6bss'\nroot: INFO: Loading vertices constraints 'c:\\\\users\\\\appveyor\\\\appdata\\\\local\\\\temp\\\\1\\\\tmpcl6bss\\\\vertices\\\\constraints.json'\nroot: INFO: Loading vertices from 'c:\\\\users\\\\appveyor\\\\appdata\\\\local\\\\temp\\\\1\\\\tmpcl6bss\\\\vertices'\nroot: INFO: Loading edges from 'c:\\\\users\\\\appveyor\\\\appdata\\\\local\\\\temp\\\\1\\\\tmpcl6bss\\\\edges'\nroot: INFO: Completed 'c:\\\\users\\\\appveyor\\\\appdata\\\\local\\\\temp\\\\1\\\\tmpcl6bss' graph import\n--------------------- >> end captured logging << ---------------------"]]></error></testcase><testcase classname="ruruki.tests.test_database.TestPersistentGraph" name="test_remove_vertex" time="0.000"></testcase><testcase classname="ruruki.tests.test_database.TestPersistentGraph" name="test_set_property" time="0.000"></testcase><testcase classname="ruruki.tests.test_entities.TestEdge" name="test_as_dict" time="0.000"></testcase><testcase classname="ruruki.tests.test_entities.TestEdge" name="test_as_dict_include_private_keys" time="0.000"></testcase><testcase classname="ruruki.tests.test_entities.TestEdge" name="test_as_dict_skip_private_keys" time="0.000"></testcase><testcase classname="ruruki.tests.test_entities.TestEdge" name="test_get_attribute" time="0.000"></testcase><testcase classname="ruruki.tests.test_entities.TestEdge" name="test_get_attribute_no_propery_or_attr" time="0.015"></testcase><testcase classname="ruruki.tests.test_entities.TestEdge" name="test_get_in_vertex" time="0.000"></testcase><testcase classname="ruruki.tests.test_entities.TestEdge" name="test_get_out_vertex" time="0.000"></testcase><testcase classname="ruruki.tests.test_entities.TestEdge" name="test_get_property_as_attribute" time="0.000"></testcase><testcase classname="ruruki.tests.test_entities.TestEdge" name="test_is_bound" time="0.000"></testcase><testcase classname="ruruki.tests.test_entities.TestEdge" name="test_is_bound_not_bound" time="0.016"></testcase><testcase classname="ruruki.tests.test_entities.TestEdge" name="test_remove_property" time="0.000"></testcase><testcase classname="ruruki.tests.test_entities.TestEdge" name="test_remove_property_no_such_key" time="0.000"></testcase><testcase classname="ruruki.tests.test_entities.TestEdge" name="test_set_property_args_and_kwargs" time="0.000"></testcase><testcase classname="ruruki.tests.test_entities.TestEdge" name="test_set_property_kwargs" time="0.016"></testcase><testcase classname="ruruki.tests.test_entities.TestEdge" name="test_set_property_no_kwargs" time="0.000"></testcase><testcase classname="ruruki.tests.test_entities.TestEntityBase" name="test_as_dict" time="0.000"></testcase><testcase classname="ruruki.tests.test_entities.TestEntityBase" name="test_as_dict_include_private_keys" time="0.000"></testcase><testcase classname="ruruki.tests.test_entities.TestEntityBase" name="test_as_dict_skip_private_keys" time="0.000"></testcase><testcase classname="ruruki.tests.test_entities.TestEntityBase" name="test_get_attribute" time="0.000"></testcase><testcase classname="ruruki.tests.test_entities.TestEntityBase" name="test_get_attribute_no_propery_or_attr" time="0.000"></testcase><testcase classname="ruruki.tests.test_entities.TestEntityBase" name="test_get_property_as_attribute" time="0.000"></testcase><testcase classname="ruruki.tests.test_entities.TestEntityBase" name="test_is_bound" time="0.000"></testcase><testcase classname="ruruki.tests.test_entities.TestEntityBase" name="test_is_bound_not_bound" time="0.000"></testcase><testcase classname="ruruki.tests.test_entities.TestEntityBase" name="test_remove_property" time="0.000"></testcase><testcase classname="ruruki.tests.test_entities.TestEntityBase" name="test_remove_property_no_such_key" time="0.000"></testcase><testcase classname="ruruki.tests.test_entities.TestEntityBase" name="test_set_property_args_and_kwargs" time="0.000"></testcase><testcase classname="ruruki.tests.test_entities.TestEntityBase" name="test_set_property_kwargs" time="0.000"></testcase><testcase classname="ruruki.tests.test_entities.TestEntityBase" name="test_set_property_no_kwargs" time="0.000"></testcase><testcase classname="ruruki.tests.test_entities.TestVertex" name="test_add_in_edge_bound_to_graph" time="0.000"></testcase><testcase classname="ruruki.tests.test_entities.TestVertex" name="test_add_in_edge_unbound" time="0.000"></testcase><testcase classname="ruruki.tests.test_entities.TestVertex" name="test_add_out_edge" time="0.015"></testcase><testcase classname="ruruki.tests.test_entities.TestVertex" name="test_add_out_edge_unbound" time="0.000"></testcase><testcase classname="ruruki.tests.test_entities.TestVertex" name="test_as_dict" time="0.000"></testcase><testcase classname="ruruki.tests.test_entities.TestVertex" name="test_as_dict_include_private_keys" time="0.000"></testcase><testcase classname="ruruki.tests.test_entities.TestVertex" name="test_as_dict_skip_private_keys" time="0.000"></testcase><testcase classname="ruruki.tests.test_entities.TestVertex" name="test_get_attribute" time="0.016"></testcase><testcase classname="ruruki.tests.test_entities.TestVertex" name="test_get_attribute_no_propery_or_attr" time="0.000"></testcase><testcase classname="ruruki.tests.test_entities.TestVertex" name="test_get_both_edges" time="0.000"></testcase><testcase classname="ruruki.tests.test_entities.TestVertex" name="test_get_both_edges_with_property" time="0.000"></testcase><testcase classname="ruruki.tests.test_entities.TestVertex" name="test_get_both_edges_with_property_that_contains" time="0.000"></testcase><testcase classname="ruruki.tests.test_entities.TestVertex" name="test_get_both_edges_with_property_that_endswith" time="0.016"></testcase><testcase classname="ruruki.tests.test_entities.TestVertex" name="test_get_both_edges_with_property_that_startswith" time="0.000"></testcase><testcase classname="ruruki.tests.test_entities.TestVertex" name="test_get_both_vertices" time="0.000"></testcase><testcase classname="ruruki.tests.test_entities.TestVertex" name="test_get_both_vertices_by_label" time="0.000"></testcase><testcase classname="ruruki.tests.test_entities.TestVertex" name="test_get_both_vertices_by_property" time="0.015"></testcase><testcase classname="ruruki.tests.test_entities.TestVertex" name="test_get_both_vertices_by_property_that_contains" time="0.000"></testcase><testcase classname="ruruki.tests.test_entities.TestVertex" name="test_get_both_vertices_by_property_that_endsswith" time="0.000"></testcase><testcase classname="ruruki.tests.test_entities.TestVertex" name="test_get_both_vertices_by_property_that_startswith" time="0.000"></testcase><testcase classname="ruruki.tests.test_entities.TestVertex" name="test_get_in_edges" time="0.000"></testcase><testcase classname="ruruki.tests.test_entities.TestVertex" name="test_get_in_edges_with_property" time="0.016"></testcase><testcase classname="ruruki.tests.test_entities.TestVertex" name="test_get_in_edges_with_property_that_contains" time="0.000"></testcase><testcase classname="ruruki.tests.test_entities.TestVertex" name="test_get_in_edges_with_property_that_endswith" time="0.000"></testcase><testcase classname="ruruki.tests.test_entities.TestVertex" name="test_get_in_edges_with_property_that_startswith" time="0.000"></testcase><testcase classname="ruruki.tests.test_entities.TestVertex" name="test_get_in_vertices" time="0.015"></testcase><testcase classname="ruruki.tests.test_entities.TestVertex" name="test_get_in_vertices_by_label" time="0.000"></testcase><testcase classname="ruruki.tests.test_entities.TestVertex" name="test_get_in_vertices_by_property" time="0.000"></testcase><testcase classname="ruruki.tests.test_entities.TestVertex" name="test_get_in_vertices_by_property_that_contains" time="0.000"></testcase><testcase classname="ruruki.tests.test_entities.TestVertex" name="test_get_in_vertices_by_property_that_endswith" time="0.000"></testcase><testcase classname="ruruki.tests.test_entities.TestVertex" name="test_get_in_vertices_by_property_that_startswith" time="0.016"></testcase><testcase classname="ruruki.tests.test_entities.TestVertex" name="test_get_out_edges" time="0.000"></testcase><testcase classname="ruruki.tests.test_entities.TestVertex" name="test_get_out_edges_with_property" time="0.000"></testcase><testcase classname="ruruki.tests.test_entities.TestVertex" name="test_get_out_edges_with_property_that_contains" time="0.000"></testcase><testcase classname="ruruki.tests.test_entities.TestVertex" name="test_get_out_edges_with_property_that_endswith" time="0.016"></testcase><testcase classname="ruruki.tests.test_entities.TestVertex" name="test_get_out_edges_with_property_that_startswith" time="0.000"></testcase><testcase classname="ruruki.tests.test_entities.TestVertex" name="test_get_out_vertices" time="0.000"></testcase><testcase classname="ruruki.tests.test_entities.TestVertex" name="test_get_out_vertices_by_label" time="0.000"></testcase><testcase classname="ruruki.tests.test_entities.TestVertex" name="test_get_out_vertices_by_property" time="0.000"></testcase><testcase classname="ruruki.tests.test_entities.TestVertex" name="test_get_out_vertices_by_property_that_contains" time="0.015"></testcase><testcase classname="ruruki.tests.test_entities.TestVertex" name="test_get_out_vertices_by_property_that_endswith" time="0.000"></testcase><testcase classname="ruruki.tests.test_entities.TestVertex" name="test_get_out_vertices_by_property_that_startswith" time="0.000"></testcase><testcase classname="ruruki.tests.test_entities.TestVertex" name="test_get_property_as_attribute" time="0.000"></testcase><testcase classname="ruruki.tests.test_entities.TestVertex" name="test_in_edge_count" time="0.016"></testcase><testcase classname="ruruki.tests.test_entities.TestVertex" name="test_in_edge_count_remove_edge" time="0.000"></testcase><testcase classname="ruruki.tests.test_entities.TestVertex" name="test_is_bound" time="0.000"></testcase><testcase classname="ruruki.tests.test_entities.TestVertex" name="test_is_bound_not_bound" time="0.000"></testcase><testcase classname="ruruki.tests.test_entities.TestVertex" name="test_out_edge_count" time="0.000"></testcase><testcase classname="ruruki.tests.test_entities.TestVertex" name="test_out_edge_count_remove_edge" time="0.018"></testcase><testcase classname="ruruki.tests.test_entities.TestVertex" name="test_remove_edge" time="0.000"></testcase><testcase classname="ruruki.tests.test_entities.TestVertex" name="test_remove_edge_with_unknown_head" time="0.000"></testcase><testcase classname="ruruki.tests.test_entities.TestVertex" name="test_remove_property" time="0.000"></testcase><testcase classname="ruruki.tests.test_entities.TestVertex" name="test_remove_property_no_such_key" time="0.013"></testcase><testcase classname="ruruki.tests.test_entities.TestVertex" name="test_set_property_args_and_kwargs" time="0.000"></testcase><testcase classname="ruruki.tests.test_entities.TestVertex" name="test_set_property_kwargs" time="0.000"></testcase><testcase classname="ruruki.tests.test_entities.TestVertex" name="test_set_property_no_kwargs" time="0.000"></testcase><testcase classname="ruruki.tests.test_entities_sets.TestContainsFiltering" name="test_filter_with_label" time="0.000"></testcase><testcase classname="ruruki.tests.test_entities_sets.TestContainsFiltering" name="test_filter_with_label_multi_props" time="0.000"></testcase><testcase classname="ruruki.tests.test_entities_sets.TestContainsFiltering" name="test_filter_with_label_not_all_props_match" time="0.000"></testcase><testcase classname="ruruki.tests.test_entities_sets.TestContainsFiltering" name="test_filter_without_label" time="0.000"></testcase><testcase classname="ruruki.tests.test_entities_sets.TestContainsFiltering" name="test_filter_without_label_multi_props" time="0.000"></testcase><testcase classname="ruruki.tests.test_entities_sets.TestContainsFiltering" name="test_filter_without_label_not_all_props_match" time="0.000"></testcase><testcase classname="ruruki.tests.test_entities_sets.TestContainsFiltering" name="test_incase_filter_with_label" time="0.000"></testcase><testcase classname="ruruki.tests.test_entities_sets.TestContainsFiltering" name="test_incase_filter_with_label_multi_props" time="0.000"></testcase><testcase classname="ruruki.tests.test_entities_sets.TestContainsFiltering" name="test_incase_filter_with_label_not_all_props_match" time="0.000"></testcase><testcase classname="ruruki.tests.test_entities_sets.TestContainsFiltering" name="test_incase_filter_without_label" time="0.000"></testcase><testcase classname="ruruki.tests.test_entities_sets.TestContainsFiltering" name="test_incase_filter_without_label_multi_props" time="0.000"></testcase><testcase classname="ruruki.tests.test_entities_sets.TestContainsFiltering" name="test_incase_filter_without_label_not_all_props_match" time="0.016"></testcase><testcase classname="ruruki.tests.test_entities_sets.TestEndsWithFiltering" name="test_filter_with_label" time="0.000"></testcase><testcase classname="ruruki.tests.test_entities_sets.TestEndsWithFiltering" name="test_filter_with_label_multi_props" time="0.000"></testcase><testcase classname="ruruki.tests.test_entities_sets.TestEndsWithFiltering" name="test_filter_with_label_not_all_props_match" time="0.000"></testcase><testcase classname="ruruki.tests.test_entities_sets.TestEndsWithFiltering" name="test_filter_without_label" time="0.000"></testcase><testcase classname="ruruki.tests.test_entities_sets.TestEndsWithFiltering" name="test_filter_without_label_multi_props" time="0.000"></testcase><testcase classname="ruruki.tests.test_entities_sets.TestEndsWithFiltering" name="test_filter_without_label_not_all_props_match" time="0.000"></testcase><testcase classname="ruruki.tests.test_entities_sets.TestEndsWithFiltering" name="test_incase_filter_with_label" time="0.000"></testcase><testcase classname="ruruki.tests.test_entities_sets.TestEndsWithFiltering" name="test_incase_filter_with_label_multi_props" time="0.000"></testcase><testcase classname="ruruki.tests.test_entities_sets.TestEndsWithFiltering" name="test_incase_filter_with_label_not_all_props_match" time="0.000"></testcase><testcase classname="ruruki.tests.test_entities_sets.TestEndsWithFiltering" name="test_incase_filter_without_label" time="0.000"></testcase><testcase classname="ruruki.tests.test_entities_sets.TestEndsWithFiltering" name="test_incase_filter_without_label_multi_props" time="0.000"></testcase><testcase classname="ruruki.tests.test_entities_sets.TestEndsWithFiltering" name="test_incase_filter_without_label_not_all_props_match" time="0.000"></testcase><testcase classname="ruruki.tests.test_entities_sets.TestEntitySet" name="test_add" time="0.000"></testcase><testcase classname="ruruki.tests.test_entities_sets.TestEntitySet" name="test_add_dup_id" time="0.000"></testcase><testcase classname="ruruki.tests.test_entities_sets.TestEntitySet" name="test_add_same_vertex" time="0.000"></testcase><testcase classname="ruruki.tests.test_entities_sets.TestEntitySet" name="test_all" time="0.015"></testcase><testcase classname="ruruki.tests.test_entities_sets.TestEntitySet" name="test_contains" time="0.000"></testcase><testcase classname="ruruki.tests.test_entities_sets.TestEntitySet" name="test_get" time="0.000"></testcase><testcase classname="ruruki.tests.test_entities_sets.TestEntitySet" name="test_get_indexes" time="0.000"></testcase><testcase classname="ruruki.tests.test_entities_sets.TestEntitySet" name="test_get_labels" time="0.016"></testcase><testcase classname="ruruki.tests.test_entities_sets.TestEntitySet" name="test_get_no_such_entity_with_id" time="0.000"></testcase><testcase classname="ruruki.tests.test_entities_sets.TestEntitySet" name="test_iter" time="0.000"></testcase><testcase classname="ruruki.tests.test_entities_sets.TestEntitySet" name="test_len" time="0.000"></testcase><testcase classname="ruruki.tests.test_entities_sets.TestEntitySet" name="test_remove" time="0.000"></testcase><testcase classname="ruruki.tests.test_entities_sets.TestEntitySet" name="test_remove_unknown_entity_id" time="0.016"></testcase><testcase classname="ruruki.tests.test_entities_sets.TestEntitySet" name="test_remove_with_unindexed_property" time="0.000"></testcase><testcase classname="ruruki.tests.test_entities_sets.TestEntitySet" name="test_sorted" time="0.000"></testcase><testcase classname="ruruki.tests.test_entities_sets.TestEntitySet" name="test_sorted_cmp_key" time="0.000"></testcase><testcase classname="ruruki.tests.test_entities_sets.TestEntitySet" name="test_update_index" time="0.000"></testcase><testcase classname="ruruki.tests.test_entities_sets.TestEqualFiltering" name="test_filter_equal" time="0.015"></testcase><testcase classname="ruruki.tests.test_entities_sets.TestEqualFiltering" name="test_filter_incase_equal" time="0.000"></testcase><testcase classname="ruruki.tests.test_entities_sets.TestFiltering" name="test_filter_for_labels_with_no_props" time="0.000"></testcase><testcase classname="ruruki.tests.test_entities_sets.TestFiltering" name="test_filter_for_only_labels" time="0.000"></testcase><testcase classname="ruruki.tests.test_entities_sets.TestFiltering" name="test_filter_for_vertex_with_prop_None" time="0.000"></testcase><testcase classname="ruruki.tests.test_entities_sets.TestFiltering" name="test_filter_with_label" time="0.000"></testcase><testcase classname="ruruki.tests.test_entities_sets.TestFiltering" name="test_filter_with_label_multi_props" time="0.000"></testcase><testcase classname="ruruki.tests.test_entities_sets.TestFiltering" name="test_filter_with_label_not_all_props_match" time="0.000"></testcase><testcase classname="ruruki.tests.test_entities_sets.TestFiltering" name="test_filter_without_label" time="0.000"></testcase><testcase classname="ruruki.tests.test_entities_sets.TestFiltering" name="test_filter_without_label_multi_props" time="0.000"></testcase><testcase classname="ruruki.tests.test_entities_sets.TestFiltering" name="test_filter_without_label_not_all_props_match" time="0.000"></testcase><testcase classname="ruruki.tests.test_entities_sets.TestFiltering" name="test_no_label_no_kwargs" time="0.000"></testcase><testcase classname="ruruki.tests.test_entities_sets.TestFiltering" name="test_unknown_prop_key_with_label" time="0.000"></testcase><testcase classname="ruruki.tests.test_entities_sets.TestFiltering" name="test_unknown_prop_key_without_label" time="0.000"></testcase><testcase classname="ruruki.tests.test_entities_sets.TestGreaterEqualFiltering" name="test_filter_greater_or_equal" time="0.000"></testcase><testcase classname="ruruki.tests.test_entities_sets.TestGreaterThanFiltering" name="test_filter_greater_than" time="0.000"></testcase><testcase classname="ruruki.tests.test_entities_sets.TestLessEqualFiltering" name="test_filter_less_or_equal" time="0.000"></testcase><testcase classname="ruruki.tests.test_entities_sets.TestLessThanFiltering" name="test_filter_less_than" time="0.000"></testcase><testcase classname="ruruki.tests.test_entities_sets.TestNotEqualFiltering" name="test_filter_incase_not_equal" time="0.000"></testcase><testcase classname="ruruki.tests.test_entities_sets.TestNotEqualFiltering" name="test_filter_not_equal" time="0.000"></testcase><testcase classname="ruruki.tests.test_entities_sets.TestSetOperations" name="test_difference" time="0.000"></testcase><testcase classname="ruruki.tests.test_entities_sets.TestSetOperations" name="test_intersection" time="0.000"></testcase><testcase classname="ruruki.tests.test_entities_sets.TestSetOperations" name="test_symmetric_difference" time="0.000"></testcase><testcase classname="ruruki.tests.test_entities_sets.TestSetOperations" name="test_union" time="0.000"></testcase><testcase classname="ruruki.tests.test_entities_sets.TestSetOperations" name="test_union_filter_for_labels_with_no_props" time="0.000"></testcase><testcase classname="ruruki.tests.test_entities_sets.TestSetOperations" name="test_union_with_duplicate_id" time="0.000"></testcase><testcase classname="ruruki.tests.test_entities_sets.TestStartsWithFiltering" name="test_filter_with_label" time="0.000"></testcase><testcase classname="ruruki.tests.test_entities_sets.TestStartsWithFiltering" name="test_filter_with_label_multi_props" time="0.000"></testcase><testcase classname="ruruki.tests.test_entities_sets.TestStartsWithFiltering" name="test_filter_with_label_not_all_props_match" time="0.000"></testcase><testcase classname="ruruki.tests.test_entities_sets.TestStartsWithFiltering" name="test_filter_without_label" time="0.000"></testcase><testcase classname="ruruki.tests.test_entities_sets.TestStartsWithFiltering" name="test_filter_without_label_multi_props" time="0.000"></testcase><testcase classname="ruruki.tests.test_entities_sets.TestStartsWithFiltering" name="test_filter_without_label_not_all_props_match" time="0.000"></testcase><testcase classname="ruruki.tests.test_entities_sets.TestStartsWithFiltering" name="test_incase_filter_with_label" time="0.000"></testcase><testcase classname="ruruki.tests.test_entities_sets.TestStartsWithFiltering" name="test_incase_filter_with_label_multi_props" time="0.000"></testcase><testcase classname="ruruki.tests.test_entities_sets.TestStartsWithFiltering" name="test_incase_filter_with_label_not_all_props_match" time="0.000"></testcase><testcase classname="ruruki.tests.test_entities_sets.TestStartsWithFiltering" name="test_incase_filter_without_label" time="0.000"></testcase><testcase classname="ruruki.tests.test_entities_sets.TestStartsWithFiltering" name="test_incase_filter_without_label_multi_props" time="0.000"></testcase><testcase classname="ruruki.tests.test_entities_sets.TestStartsWithFiltering" name="test_incase_filter_without_label_not_all_props_match" time="0.000"></testcase><testcase classname="ruruki.tests.test_locks.TestBaseLock" name="test_acquire" time="0.000"></testcase><testcase classname="ruruki.tests.test_locks.TestBaseLock" name="test_acquire_already_locked" time="0.000"></testcase><testcase classname="ruruki.tests.test_locks.TestBaseLock" name="test_delete_not_locked" time="0.000"></testcase><testcase classname="ruruki.tests.test_locks.TestBaseLock" name="test_delete_releases_lock" time="0.000"></testcase><testcase classname="ruruki.tests.test_locks.TestBaseLock" name="test_enter_contex_manager" time="0.000"></testcase><testcase classname="ruruki.tests.test_locks.TestBaseLock" name="test_exit_contex_manager" time="0.000"></testcase><testcase classname="ruruki.tests.test_locks.TestBaseLock" name="test_release" time="0.000"></testcase><testcase classname="ruruki.tests.test_locks.TestBaseLock" name="test_release_not_locked" time="0.000"></testcase><testcase classname="ruruki.tests.test_locks.TestDirectoryLock" name="test_acquire" time="0.000"></testcase><testcase classname="ruruki.tests.test_locks.TestDirectoryLock" name="test_acquire_already_locked" time="0.000"></testcase><testcase classname="ruruki.tests.test_locks.TestDirectoryLock" name="test_delete_not_locked" time="0.000"></testcase><testcase classname="ruruki.tests.test_locks.TestDirectoryLock" name="test_delete_releases_lock" time="0.000"></testcase><testcase classname="ruruki.tests.test_locks.TestDirectoryLock" name="test_enter_contex_manager" time="0.000"></testcase><testcase classname="ruruki.tests.test_locks.TestDirectoryLock" name="test_exit_contex_manager" time="0.000"></testcase><testcase classname="ruruki.tests.test_locks.TestDirectoryLock" name="test_release" time="0.000"></testcase><testcase classname="ruruki.tests.test_locks.TestDirectoryLock" name="test_release_file_not_found" time="0.000"><skipped type="unittest.case.SkipTest" message="Windows won't allow that"><![CDATA[SkipTest: Windows won't allow that
]]></skipped></testcase><testcase classname="ruruki.tests.test_locks.TestDirectoryLock" name="test_release_not_locked" time="0.000"></testcase><testcase classname="ruruki.tests.test_locks.TestFileLock" name="test_acquire" time="0.000"></testcase><testcase classname="ruruki.tests.test_locks.TestFileLock" name="test_acquire_already_locked" time="0.000"><error type="exceptions.WindowsError" message="[Error 32] The process cannot access the file because it is being used by another process: 'c:\\users\\appveyor\\appdata\\local\\temp\\1\\tmpv2zg07'"><![CDATA[Traceback (most recent call last):
  File "c:\python27\Lib\unittest\case.py", line 358, in run
    self.tearDown()
  File "C:\projects\ruruki\ruruki\tests\test_locks.py", line 66, in tearDown
    os.remove(self.filename)
WindowsError: [Error 32] The process cannot access the file because it is being used by another process: 'c:\\users\\appveyor\\appdata\\local\\temp\\1\\tmpv2zg07'
]]></error></testcase><testcase classname="ruruki.tests.test_locks.TestFileLock" name="test_acquire_flock_error" time="0.000"><error type="ruruki.interfaces.AcquireError" message="Failed acquiring a lock on 'c:\\users\\appveyor\\appdata\\local\\temp\\1\\tmp_kzpeg'."><![CDATA[Traceback (most recent call last):
  File "c:\python27\Lib\unittest\case.py", line 329, in run
    testMethod()
  File "C:\projects\ruruki\ruruki\tests\test_locks.py", line 76, in test_acquire_flock_error
    with locks.FileLock(filename.name):
  File "C:\projects\ruruki\ruruki\locks.py", line 54, in __enter__
    lock.acquire()
  File "C:\projects\ruruki\ruruki\locks.py", line 83, in acquire
    "Failed acquiring a lock on {0!r}.".format(self.filename)
AcquireError: Failed acquiring a lock on 'c:\\users\\appveyor\\appdata\\local\\temp\\1\\tmp_kzpeg'.
]]></error></testcase><testcase classname="ruruki.tests.test_locks.TestFileLock" name="test_delete_not_locked" time="0.000"></testcase><testcase classname="ruruki.tests.test_locks.TestFileLock" name="test_delete_releases_lock" time="0.000"></testcase><testcase classname="ruruki.tests.test_locks.TestFileLock" name="test_enter_contex_manager" time="0.000"></testcase><testcase classname="ruruki.tests.test_locks.TestFileLock" name="test_exit_contex_manager" time="0.000"></testcase><testcase classname="ruruki.tests.test_locks.TestFileLock" name="test_release" time="0.000"></testcase><testcase classname="ruruki.tests.test_locks.TestFileLock" name="test_release_not_locked" time="0.000"></testcase></testsuite>